<?xml version="1.0" encoding="UTF-8"?>
<testng-results ignored="0" total="2" passed="2" failed="0" skipped="0">
  <reporter-output>
  </reporter-output>
  <suite started-at="2020-12-22T15:18:33 IST" name="Default suite" finished-at="2020-12-22T15:18:33 IST" duration-ms="57">
    <groups>
    </groups>
    <test started-at="2020-12-22T15:18:33 IST" name="Default test" finished-at="2020-12-22T15:18:33 IST" duration-ms="57">
      <class name="qaclickacademy.AppiumTest">
        <test-method signature="IOSApps()[pri:0, instance:qaclickacademy.AppiumTest@2f7c2f4f]" started-at="2020-12-22T15:18:33 IST" name="IOSApps" finished-at="2020-12-22T15:18:33 IST" duration-ms="11" status="PASS">
          <reporter-output>
          </reporter-output>
        </test-method> <!-- IOSApps -->
        <test-method signature="NativeAPpAndroid()[pri:0, instance:qaclickacademy.AppiumTest@2f7c2f4f]" started-at="2020-12-22T15:18:33 IST" name="NativeAPpAndroid" finished-at="2020-12-22T15:18:33 IST" duration-ms="1" status="PASS">
          <reporter-output>
          </reporter-output>
        </test-method> <!-- NativeAPpAndroid -->
      </class> <!-- qaclickacademy.AppiumTest -->
    </test> <!-- Default test -->
  </suite> <!-- Default suite -->
</testng-results>
